[2025-06-14 13:25:24] production.ERROR: Please provide a valid cache path. {"exception":"[object] (InvalidArgumentException(code: 0): Please provide a valid cache path. at /home/u454891112/domains/desa-pamuruyan.id/laravel/vendor/laravel/framework/src/Illuminate/View/Compilers/Compiler.php:75)
[stacktrace]
#0 /home/u454891112/domains/desa-pamuruyan.id/laravel/vendor/laravel/framework/src/Illuminate/View/ViewServiceProvider.php(97): Illuminate\\View\\Compilers\\Compiler->__construct()
#1 /home/u454891112/domains/desa-pamuruyan.id/laravel/vendor/laravel/framework/src/Illuminate/Container/Container.php(1010): Illuminate\\View\\ViewServiceProvider->Illuminate\\View\\{closure}()
#2 /home/u454891112/domains/desa-pamuruyan.id/laravel/vendor/laravel/framework/src/Illuminate/Container/Container.php(890): Illuminate\\Container\\Container->build()
#3 /home/u454891112/domains/desa-pamuruyan.id/laravel/vendor/laravel/framework/src/Illuminate/Foundation/Application.php(1077): Illuminate\\Container\\Container->resolve()
#4 /home/u454891112/domains/desa-pamuruyan.id/laravel/vendor/laravel/framework/src/Illuminate/Container/Container.php(821): Illuminate\\Foundation\\Application->resolve()
#5 /home/u454891112/domains/desa-pamuruyan.id/laravel/vendor/laravel/framework/src/Illuminate/Foundation/Application.php(1057): Illuminate\\Container\\Container->make()
#6 /home/u454891112/domains/desa-pamuruyan.id/laravel/vendor/laravel/framework/src/Illuminate/Container/Container.php(1653): Illuminate\\Foundation\\Application->make()
#7 /home/u454891112/domains/desa-pamuruyan.id/laravel/vendor/laravel/framework/src/Illuminate/Support/Facades/Facade.php(239): Illuminate\\Container\\Container->offsetGet()
#8 /home/u454891112/domains/desa-pamuruyan.id/laravel/vendor/laravel/framework/src/Illuminate/Support/Facades/Facade.php(210): Illuminate\\Support\\Facades\\Facade::resolveFacadeInstance()
#9 /home/u454891112/domains/desa-pamuruyan.id/laravel/vendor/laravel/framework/src/Illuminate/Support/Facades/Facade.php(355): Illuminate\\Support\\Facades\\Facade::getFacadeRoot()
#10 /home/u454891112/domains/desa-pamuruyan.id/laravel/vendor/filament/filament/src/FilamentServiceProvider.php(72): Illuminate\\Support\\Facades\\Facade::__callStatic()
#11 /home/u454891112/domains/desa-pamuruyan.id/laravel/vendor/spatie/laravel-package-tools/src/PackageServiceProvider.php(91): Filament\\FilamentServiceProvider->packageBooted()
#12 /home/u454891112/domains/desa-pamuruyan.id/laravel/vendor/laravel/framework/src/Illuminate/Container/BoundMethod.php(36): Spatie\\LaravelPackageTools\\PackageServiceProvider->boot()
#13 /home/u454891112/domains/desa-pamuruyan.id/laravel/vendor/laravel/framework/src/Illuminate/Container/Util.php(43): Illuminate\\Container\\BoundMethod::Illuminate\\Container\\{closure}()
#14 /home/u454891112/domains/desa-pamuruyan.id/laravel/vendor/laravel/framework/src/Illuminate/Container/BoundMethod.php(96): Illuminate\\Container\\Util::unwrapIfClosure()
#15 /home/u454891112/domains/desa-pamuruyan.id/laravel/vendor/laravel/framework/src/Illuminate/Container/BoundMethod.php(35): Illuminate\\Container\\BoundMethod::callBoundMethod()
#16 /home/u454891112/domains/desa-pamuruyan.id/laravel/vendor/laravel/framework/src/Illuminate/Container/Container.php(754): Illuminate\\Container\\BoundMethod::call()
#17 /home/u454891112/domains/desa-pamuruyan.id/laravel/vendor/laravel/framework/src/Illuminate/Foundation/Application.php(1150): Illuminate\\Container\\Container->call()
#18 /home/u454891112/domains/desa-pamuruyan.id/laravel/vendor/laravel/framework/src/Illuminate/Foundation/Application.php(1131): Illuminate\\Foundation\\Application->bootProvider()
#19 [internal function]: Illuminate\\Foundation\\Application->Illuminate\\Foundation\\{closure}()
#20 /home/u454891112/domains/desa-pamuruyan.id/laravel/vendor/laravel/framework/src/Illuminate/Foundation/Application.php(1130): array_walk()
#21 /home/u454891112/domains/desa-pamuruyan.id/laravel/vendor/laravel/framework/src/Illuminate/Foundation/Bootstrap/BootProviders.php(17): Illuminate\\Foundation\\Application->boot()
#22 /home/u454891112/domains/desa-pamuruyan.id/laravel/vendor/laravel/framework/src/Illuminate/Foundation/Application.php(341): Illuminate\\Foundation\\Bootstrap\\BootProviders->bootstrap()
#23 /home/u454891112/domains/desa-pamuruyan.id/laravel/vendor/laravel/framework/src/Illuminate/Foundation/Http/Kernel.php(186): Illuminate\\Foundation\\Application->bootstrapWith()
#24 /home/u454891112/domains/desa-pamuruyan.id/laravel/vendor/laravel/framework/src/Illuminate/Foundation/Http/Kernel.php(170): Illuminate\\Foundation\\Http\\Kernel->bootstrap()
#25 /home/u454891112/domains/desa-pamuruyan.id/laravel/vendor/laravel/framework/src/Illuminate/Foundation/Http/Kernel.php(144): Illuminate\\Foundation\\Http\\Kernel->sendRequestThroughRouter()
#26 /home/u454891112/domains/desa-pamuruyan.id/laravel/vendor/laravel/framework/src/Illuminate/Foundation/Application.php(1219): Illuminate\\Foundation\\Http\\Kernel->handle()
#27 /home/u454891112/domains/desa-pamuruyan.id/public_html/index.php(20): Illuminate\\Foundation\\Application->handleRequest()
#28 {main}
"} 
[2025-06-14 13:33:38] production.ERROR: Call to undefined function Illuminate\Filesystem\exec() {"exception":"[object] (Error(code: 0): Call to undefined function Illuminate\\Filesystem\\exec() at /home/u454891112/domains/desa-pamuruyan.id/vendor/laravel/framework/src/Illuminate/Filesystem/Filesystem.php:358)
[stacktrace]
#0 /home/u454891112/domains/desa-pamuruyan.id/vendor/laravel/framework/src/Illuminate/Foundation/Console/StorageLinkCommand.php(49): Illuminate\\Filesystem\\Filesystem->link()
#1 /home/u454891112/domains/desa-pamuruyan.id/vendor/laravel/framework/src/Illuminate/Container/BoundMethod.php(36): Illuminate\\Foundation\\Console\\StorageLinkCommand->handle()
#2 /home/u454891112/domains/desa-pamuruyan.id/vendor/laravel/framework/src/Illuminate/Container/Util.php(43): Illuminate\\Container\\BoundMethod::Illuminate\\Container\\{closure}()
#3 /home/u454891112/domains/desa-pamuruyan.id/vendor/laravel/framework/src/Illuminate/Container/BoundMethod.php(96): Illuminate\\Container\\Util::unwrapIfClosure()
#4 /home/u454891112/domains/desa-pamuruyan.id/vendor/laravel/framework/src/Illuminate/Container/BoundMethod.php(35): Illuminate\\Container\\BoundMethod::callBoundMethod()
#5 /home/u454891112/domains/desa-pamuruyan.id/vendor/laravel/framework/src/Illuminate/Container/Container.php(754): Illuminate\\Container\\BoundMethod::call()
#6 /home/u454891112/domains/desa-pamuruyan.id/vendor/laravel/framework/src/Illuminate/Console/Command.php(211): Illuminate\\Container\\Container->call()
#7 /home/u454891112/domains/desa-pamuruyan.id/vendor/symfony/console/Command/Command.php(318): Illuminate\\Console\\Command->execute()
#8 /home/u454891112/domains/desa-pamuruyan.id/vendor/laravel/framework/src/Illuminate/Console/Command.php(180): Symfony\\Component\\Console\\Command\\Command->run()
#9 /home/u454891112/domains/desa-pamuruyan.id/vendor/symfony/console/Application.php(1092): Illuminate\\Console\\Command->run()
#10 /home/u454891112/domains/desa-pamuruyan.id/vendor/symfony/console/Application.php(341): Symfony\\Component\\Console\\Application->doRunCommand()
#11 /home/u454891112/domains/desa-pamuruyan.id/vendor/symfony/console/Application.php(192): Symfony\\Component\\Console\\Application->doRun()
#12 /home/u454891112/domains/desa-pamuruyan.id/vendor/laravel/framework/src/Illuminate/Foundation/Console/Kernel.php(197): Symfony\\Component\\Console\\Application->run()
#13 /home/u454891112/domains/desa-pamuruyan.id/vendor/laravel/framework/src/Illuminate/Foundation/Application.php(1234): Illuminate\\Foundation\\Console\\Kernel->handle()
#14 /home/u454891112/domains/desa-pamuruyan.id/artisan(16): Illuminate\\Foundation\\Application->handleCommand()
#15 {main}
"} 
[2025-06-14 13:34:41] production.ERROR: Call to undefined function Illuminate\Filesystem\exec() {"exception":"[object] (Error(code: 0): Call to undefined function Illuminate\\Filesystem\\exec() at /home/u454891112/domains/desa-pamuruyan.id/vendor/laravel/framework/src/Illuminate/Filesystem/Filesystem.php:358)
[stacktrace]
#0 /home/u454891112/domains/desa-pamuruyan.id/vendor/laravel/framework/src/Illuminate/Foundation/Console/StorageLinkCommand.php(49): Illuminate\\Filesystem\\Filesystem->link()
#1 /home/u454891112/domains/desa-pamuruyan.id/vendor/laravel/framework/src/Illuminate/Container/BoundMethod.php(36): Illuminate\\Foundation\\Console\\StorageLinkCommand->handle()
#2 /home/u454891112/domains/desa-pamuruyan.id/vendor/laravel/framework/src/Illuminate/Container/Util.php(43): Illuminate\\Container\\BoundMethod::Illuminate\\Container\\{closure}()
#3 /home/u454891112/domains/desa-pamuruyan.id/vendor/laravel/framework/src/Illuminate/Container/BoundMethod.php(96): Illuminate\\Container\\Util::unwrapIfClosure()
#4 /home/u454891112/domains/desa-pamuruyan.id/vendor/laravel/framework/src/Illuminate/Container/BoundMethod.php(35): Illuminate\\Container\\BoundMethod::callBoundMethod()
#5 /home/u454891112/domains/desa-pamuruyan.id/vendor/laravel/framework/src/Illuminate/Container/Container.php(754): Illuminate\\Container\\BoundMethod::call()
#6 /home/u454891112/domains/desa-pamuruyan.id/vendor/laravel/framework/src/Illuminate/Console/Command.php(211): Illuminate\\Container\\Container->call()
#7 /home/u454891112/domains/desa-pamuruyan.id/vendor/symfony/console/Command/Command.php(318): Illuminate\\Console\\Command->execute()
#8 /home/u454891112/domains/desa-pamuruyan.id/vendor/laravel/framework/src/Illuminate/Console/Command.php(180): Symfony\\Component\\Console\\Command\\Command->run()
#9 /home/u454891112/domains/desa-pamuruyan.id/vendor/symfony/console/Application.php(1092): Illuminate\\Console\\Command->run()
#10 /home/u454891112/domains/desa-pamuruyan.id/vendor/symfony/console/Application.php(341): Symfony\\Component\\Console\\Application->doRunCommand()
#11 /home/u454891112/domains/desa-pamuruyan.id/vendor/symfony/console/Application.php(192): Symfony\\Component\\Console\\Application->doRun()
#12 /home/u454891112/domains/desa-pamuruyan.id/vendor/laravel/framework/src/Illuminate/Foundation/Console/Kernel.php(197): Symfony\\Component\\Console\\Application->run()
#13 /home/u454891112/domains/desa-pamuruyan.id/vendor/laravel/framework/src/Illuminate/Foundation/Application.php(1234): Illuminate\\Foundation\\Console\\Kernel->handle()
#14 /home/u454891112/domains/desa-pamuruyan.id/artisan(16): Illuminate\\Foundation\\Application->handleCommand()
#15 {main}
"} 
[2025-06-14 13:35:44] production.ERROR: Call to undefined function Illuminate\Filesystem\exec() {"exception":"[object] (Error(code: 0): Call to undefined function Illuminate\\Filesystem\\exec() at /home/u454891112/domains/desa-pamuruyan.id/vendor/laravel/framework/src/Illuminate/Filesystem/Filesystem.php:358)
[stacktrace]
#0 /home/u454891112/domains/desa-pamuruyan.id/vendor/laravel/framework/src/Illuminate/Foundation/Console/StorageLinkCommand.php(49): Illuminate\\Filesystem\\Filesystem->link()
#1 /home/u454891112/domains/desa-pamuruyan.id/vendor/laravel/framework/src/Illuminate/Container/BoundMethod.php(36): Illuminate\\Foundation\\Console\\StorageLinkCommand->handle()
#2 /home/u454891112/domains/desa-pamuruyan.id/vendor/laravel/framework/src/Illuminate/Container/Util.php(43): Illuminate\\Container\\BoundMethod::Illuminate\\Container\\{closure}()
#3 /home/u454891112/domains/desa-pamuruyan.id/vendor/laravel/framework/src/Illuminate/Container/BoundMethod.php(96): Illuminate\\Container\\Util::unwrapIfClosure()
#4 /home/u454891112/domains/desa-pamuruyan.id/vendor/laravel/framework/src/Illuminate/Container/BoundMethod.php(35): Illuminate\\Container\\BoundMethod::callBoundMethod()
#5 /home/u454891112/domains/desa-pamuruyan.id/vendor/laravel/framework/src/Illuminate/Container/Container.php(754): Illuminate\\Container\\BoundMethod::call()
#6 /home/u454891112/domains/desa-pamuruyan.id/vendor/laravel/framework/src/Illuminate/Console/Command.php(211): Illuminate\\Container\\Container->call()
#7 /home/u454891112/domains/desa-pamuruyan.id/vendor/symfony/console/Command/Command.php(318): Illuminate\\Console\\Command->execute()
#8 /home/u454891112/domains/desa-pamuruyan.id/vendor/laravel/framework/src/Illuminate/Console/Command.php(180): Symfony\\Component\\Console\\Command\\Command->run()
#9 /home/u454891112/domains/desa-pamuruyan.id/vendor/symfony/console/Application.php(1092): Illuminate\\Console\\Command->run()
#10 /home/u454891112/domains/desa-pamuruyan.id/vendor/symfony/console/Application.php(341): Symfony\\Component\\Console\\Application->doRunCommand()
#11 /home/u454891112/domains/desa-pamuruyan.id/vendor/symfony/console/Application.php(192): Symfony\\Component\\Console\\Application->doRun()
#12 /home/u454891112/domains/desa-pamuruyan.id/vendor/laravel/framework/src/Illuminate/Foundation/Console/Kernel.php(197): Symfony\\Component\\Console\\Application->run()
#13 /home/u454891112/domains/desa-pamuruyan.id/vendor/laravel/framework/src/Illuminate/Foundation/Application.php(1234): Illuminate\\Foundation\\Console\\Kernel->handle()
#14 /home/u454891112/domains/desa-pamuruyan.id/artisan(16): Illuminate\\Foundation\\Application->handleCommand()
#15 {main}
"} 
[2025-06-14 13:37:16] production.ERROR: No application encryption key has been specified. {"exception":"[object] (Illuminate\\Encryption\\MissingAppKeyException(code: 0): No application encryption key has been specified. at /home/u454891112/domains/desa-pamuruyan.id/vendor/laravel/framework/src/Illuminate/Encryption/EncryptionServiceProvider.php:83)
[stacktrace]
#0 /home/u454891112/domains/desa-pamuruyan.id/vendor/laravel/framework/src/Illuminate/Support/helpers.php(399): Illuminate\\Encryption\\EncryptionServiceProvider->Illuminate\\Encryption\\{closure}()
#1 /home/u454891112/domains/desa-pamuruyan.id/vendor/laravel/framework/src/Illuminate/Encryption/EncryptionServiceProvider.php(81): tap()
#2 /home/u454891112/domains/desa-pamuruyan.id/vendor/laravel/framework/src/Illuminate/Encryption/EncryptionServiceProvider.php(64): Illuminate\\Encryption\\EncryptionServiceProvider->key()
#3 /home/u454891112/domains/desa-pamuruyan.id/vendor/laravel/framework/src/Illuminate/Encryption/EncryptionServiceProvider.php(32): Illuminate\\Encryption\\EncryptionServiceProvider->parseKey()
#4 /home/u454891112/domains/desa-pamuruyan.id/vendor/laravel/framework/src/Illuminate/Container/Container.php(1010): Illuminate\\Encryption\\EncryptionServiceProvider->Illuminate\\Encryption\\{closure}()
#5 /home/u454891112/domains/desa-pamuruyan.id/vendor/laravel/framework/src/Illuminate/Container/Container.php(890): Illuminate\\Container\\Container->build()
#6 /home/u454891112/domains/desa-pamuruyan.id/vendor/laravel/framework/src/Illuminate/Foundation/Application.php(1077): Illuminate\\Container\\Container->resolve()
#7 /home/u454891112/domains/desa-pamuruyan.id/vendor/laravel/framework/src/Illuminate/Container/Container.php(821): Illuminate\\Foundation\\Application->resolve()
#8 /home/u454891112/domains/desa-pamuruyan.id/vendor/laravel/framework/src/Illuminate/Foundation/Application.php(1057): Illuminate\\Container\\Container->make()
#9 /home/u454891112/domains/desa-pamuruyan.id/vendor/laravel/framework/src/Illuminate/Container/Container.php(1202): Illuminate\\Foundation\\Application->make()
#10 /home/u454891112/domains/desa-pamuruyan.id/vendor/laravel/framework/src/Illuminate/Container/Container.php(1101): Illuminate\\Container\\Container->resolveClass()
#11 /home/u454891112/domains/desa-pamuruyan.id/vendor/laravel/framework/src/Illuminate/Container/Container.php(1052): Illuminate\\Container\\Container->resolveDependencies()
#12 /home/u454891112/domains/desa-pamuruyan.id/vendor/laravel/framework/src/Illuminate/Container/Container.php(890): Illuminate\\Container\\Container->build()
#13 /home/u454891112/domains/desa-pamuruyan.id/vendor/laravel/framework/src/Illuminate/Foundation/Application.php(1077): Illuminate\\Container\\Container->resolve()
#14 /home/u454891112/domains/desa-pamuruyan.id/vendor/laravel/framework/src/Illuminate/Container/Container.php(821): Illuminate\\Foundation\\Application->resolve()
#15 /home/u454891112/domains/desa-pamuruyan.id/vendor/laravel/framework/src/Illuminate/Foundation/Application.php(1057): Illuminate\\Container\\Container->make()
#16 /home/u454891112/domains/desa-pamuruyan.id/vendor/laravel/framework/src/Illuminate/Pipeline/Pipeline.php(197): Illuminate\\Foundation\\Application->make()
#17 /home/u454891112/domains/desa-pamuruyan.id/vendor/laravel/framework/src/Illuminate/Pipeline/Pipeline.php(126): Illuminate\\Pipeline\\Pipeline->Illuminate\\Pipeline\\{closure}()
#18 /home/u454891112/domains/desa-pamuruyan.id/vendor/laravel/framework/src/Illuminate/Routing/Router.php(807): Illuminate\\Pipeline\\Pipeline->then()
#19 /home/u454891112/domains/desa-pamuruyan.id/vendor/laravel/framework/src/Illuminate/Routing/Router.php(786): Illuminate\\Routing\\Router->runRouteWithinStack()
#20 /home/u454891112/domains/desa-pamuruyan.id/vendor/laravel/framework/src/Illuminate/Routing/Router.php(750): Illuminate\\Routing\\Router->runRoute()
#21 /home/u454891112/domains/desa-pamuruyan.id/vendor/laravel/framework/src/Illuminate/Routing/Router.php(739): Illuminate\\Routing\\Router->dispatchToRoute()
#22 /home/u454891112/domains/desa-pamuruyan.id/vendor/laravel/framework/src/Illuminate/Foundation/Http/Kernel.php(200): Illuminate\\Routing\\Router->dispatch()
#23 /home/u454891112/domains/desa-pamuruyan.id/vendor/laravel/framework/src/Illuminate/Pipeline/Pipeline.php(169): Illuminate\\Foundation\\Http\\Kernel->Illuminate\\Foundation\\Http\\{closure}()
#24 /home/u454891112/domains/desa-pamuruyan.id/vendor/livewire/livewire/src/Features/SupportDisablingBackButtonCache/DisableBackButtonCacheMiddleware.php(19): Illuminate\\Pipeline\\Pipeline->Illuminate\\Pipeline\\{closure}()
#25 /home/u454891112/domains/desa-pamuruyan.id/vendor/laravel/framework/src/Illuminate/Pipeline/Pipeline.php(208): Livewire\\Features\\SupportDisablingBackButtonCache\\DisableBackButtonCacheMiddleware->handle()
#26 /home/u454891112/domains/desa-pamuruyan.id/vendor/laravel/framework/src/Illuminate/Foundation/Http/Middleware/TransformsRequest.php(21): Illuminate\\Pipeline\\Pipeline->Illuminate\\Pipeline\\{closure}()
#27 /home/u454891112/domains/desa-pamuruyan.id/vendor/laravel/framework/src/Illuminate/Foundation/Http/Middleware/ConvertEmptyStringsToNull.php(31): Illuminate\\Foundation\\Http\\Middleware\\TransformsRequest->handle()
#28 /home/u454891112/domains/desa-pamuruyan.id/vendor/laravel/framework/src/Illuminate/Pipeline/Pipeline.php(208): Illuminate\\Foundation\\Http\\Middleware\\ConvertEmptyStringsToNull->handle()
#29 /home/u454891112/domains/desa-pamuruyan.id/vendor/laravel/framework/src/Illuminate/Foundation/Http/Middleware/TransformsRequest.php(21): Illuminate\\Pipeline\\Pipeline->Illuminate\\Pipeline\\{closure}()
#30 /home/u454891112/domains/desa-pamuruyan.id/vendor/laravel/framework/src/Illuminate/Foundation/Http/Middleware/TrimStrings.php(51): Illuminate\\Foundation\\Http\\Middleware\\TransformsRequest->handle()
#31 /home/u454891112/domains/desa-pamuruyan.id/vendor/laravel/framework/src/Illuminate/Pipeline/Pipeline.php(208): Illuminate\\Foundation\\Http\\Middleware\\TrimStrings->handle()
#32 /home/u454891112/domains/desa-pamuruyan.id/vendor/laravel/framework/src/Illuminate/Http/Middleware/ValidatePostSize.php(27): Illuminate\\Pipeline\\Pipeline->Illuminate\\Pipeline\\{closure}()
#33 /home/u454891112/domains/desa-pamuruyan.id/vendor/laravel/framework/src/Illuminate/Pipeline/Pipeline.php(208): Illuminate\\Http\\Middleware\\ValidatePostSize->handle()
#34 /home/u454891112/domains/desa-pamuruyan.id/vendor/laravel/framework/src/Illuminate/Foundation/Http/Middleware/PreventRequestsDuringMaintenance.php(109): Illuminate\\Pipeline\\Pipeline->Illuminate\\Pipeline\\{closure}()
#35 /home/u454891112/domains/desa-pamuruyan.id/vendor/laravel/framework/src/Illuminate/Pipeline/Pipeline.php(208): Illuminate\\Foundation\\Http\\Middleware\\PreventRequestsDuringMaintenance->handle()
#36 /home/u454891112/domains/desa-pamuruyan.id/vendor/laravel/framework/src/Illuminate/Http/Middleware/HandleCors.php(48): Illuminate\\Pipeline\\Pipeline->Illuminate\\Pipeline\\{closure}()
#37 /home/u454891112/domains/desa-pamuruyan.id/vendor/laravel/framework/src/Illuminate/Pipeline/Pipeline.php(208): Illuminate\\Http\\Middleware\\HandleCors->handle()
#38 /home/u454891112/domains/desa-pamuruyan.id/vendor/laravel/framework/src/Illuminate/Http/Middleware/TrustProxies.php(58): Illuminate\\Pipeline\\Pipeline->Illuminate\\Pipeline\\{closure}()
#39 /home/u454891112/domains/desa-pamuruyan.id/vendor/laravel/framework/src/Illuminate/Pipeline/Pipeline.php(208): Illuminate\\Http\\Middleware\\TrustProxies->handle()
#40 /home/u454891112/domains/desa-pamuruyan.id/vendor/laravel/framework/src/Illuminate/Foundation/Http/Middleware/InvokeDeferredCallbacks.php(22): Illuminate\\Pipeline\\Pipeline->Illuminate\\Pipeline\\{closure}()
#41 /home/u454891112/domains/desa-pamuruyan.id/vendor/laravel/framework/src/Illuminate/Pipeline/Pipeline.php(208): Illuminate\\Foundation\\Http\\Middleware\\InvokeDeferredCallbacks->handle()
#42 /home/u454891112/domains/desa-pamuruyan.id/vendor/laravel/framework/src/Illuminate/Http/Middleware/ValidatePathEncoding.php(26): Illuminate\\Pipeline\\Pipeline->Illuminate\\Pipeline\\{closure}()
#43 /home/u454891112/domains/desa-pamuruyan.id/vendor/laravel/framework/src/Illuminate/Pipeline/Pipeline.php(208): Illuminate\\Http\\Middleware\\ValidatePathEncoding->handle()
#44 /home/u454891112/domains/desa-pamuruyan.id/vendor/laravel/framework/src/Illuminate/Pipeline/Pipeline.php(126): Illuminate\\Pipeline\\Pipeline->Illuminate\\Pipeline\\{closure}()
#45 /home/u454891112/domains/desa-pamuruyan.id/vendor/laravel/framework/src/Illuminate/Foundation/Http/Kernel.php(175): Illuminate\\Pipeline\\Pipeline->then()
#46 /home/u454891112/domains/desa-pamuruyan.id/vendor/laravel/framework/src/Illuminate/Foundation/Http/Kernel.php(144): Illuminate\\Foundation\\Http\\Kernel->sendRequestThroughRouter()
#47 /home/u454891112/domains/desa-pamuruyan.id/vendor/laravel/framework/src/Illuminate/Foundation/Application.php(1219): Illuminate\\Foundation\\Http\\Kernel->handle()
#48 /home/u454891112/domains/desa-pamuruyan.id/public_html/index.php(20): Illuminate\\Foundation\\Application->handleRequest()
#49 {main}
"} 
[2025-06-14 13:37:16] production.ERROR: No application encryption key has been specified. {"exception":"[object] (Illuminate\\Encryption\\MissingAppKeyException(code: 0): No application encryption key has been specified. at /home/u454891112/domains/desa-pamuruyan.id/vendor/laravel/framework/src/Illuminate/Encryption/EncryptionServiceProvider.php:83)
[stacktrace]
#0 /home/u454891112/domains/desa-pamuruyan.id/vendor/laravel/framework/src/Illuminate/Support/helpers.php(399): Illuminate\\Encryption\\EncryptionServiceProvider->Illuminate\\Encryption\\{closure}()
#1 /home/u454891112/domains/desa-pamuruyan.id/vendor/laravel/framework/src/Illuminate/Encryption/EncryptionServiceProvider.php(81): tap()
#2 /home/u454891112/domains/desa-pamuruyan.id/vendor/laravel/framework/src/Illuminate/Encryption/EncryptionServiceProvider.php(64): Illuminate\\Encryption\\EncryptionServiceProvider->key()
#3 /home/u454891112/domains/desa-pamuruyan.id/vendor/laravel/framework/src/Illuminate/Encryption/EncryptionServiceProvider.php(32): Illuminate\\Encryption\\EncryptionServiceProvider->parseKey()
#4 /home/u454891112/domains/desa-pamuruyan.id/vendor/laravel/framework/src/Illuminate/Container/Container.php(1010): Illuminate\\Encryption\\EncryptionServiceProvider->Illuminate\\Encryption\\{closure}()
#5 /home/u454891112/domains/desa-pamuruyan.id/vendor/laravel/framework/src/Illuminate/Container/Container.php(890): Illuminate\\Container\\Container->build()
#6 /home/u454891112/domains/desa-pamuruyan.id/vendor/laravel/framework/src/Illuminate/Foundation/Application.php(1077): Illuminate\\Container\\Container->resolve()
#7 /home/u454891112/domains/desa-pamuruyan.id/vendor/laravel/framework/src/Illuminate/Container/Container.php(821): Illuminate\\Foundation\\Application->resolve()
#8 /home/u454891112/domains/desa-pamuruyan.id/vendor/laravel/framework/src/Illuminate/Foundation/Application.php(1057): Illuminate\\Container\\Container->make()
#9 /home/u454891112/domains/desa-pamuruyan.id/vendor/laravel/framework/src/Illuminate/Container/Container.php(1202): Illuminate\\Foundation\\Application->make()
#10 /home/u454891112/domains/desa-pamuruyan.id/vendor/laravel/framework/src/Illuminate/Container/Container.php(1101): Illuminate\\Container\\Container->resolveClass()
#11 /home/u454891112/domains/desa-pamuruyan.id/vendor/laravel/framework/src/Illuminate/Container/Container.php(1052): Illuminate\\Container\\Container->resolveDependencies()
#12 /home/u454891112/domains/desa-pamuruyan.id/vendor/laravel/framework/src/Illuminate/Container/Container.php(890): Illuminate\\Container\\Container->build()
#13 /home/u454891112/domains/desa-pamuruyan.id/vendor/laravel/framework/src/Illuminate/Foundation/Application.php(1077): Illuminate\\Container\\Container->resolve()
#14 /home/u454891112/domains/desa-pamuruyan.id/vendor/laravel/framework/src/Illuminate/Container/Container.php(821): Illuminate\\Foundation\\Application->resolve()
#15 /home/u454891112/domains/desa-pamuruyan.id/vendor/laravel/framework/src/Illuminate/Foundation/Application.php(1057): Illuminate\\Container\\Container->make()
#16 /home/u454891112/domains/desa-pamuruyan.id/vendor/laravel/framework/src/Illuminate/Foundation/Http/Kernel.php(257): Illuminate\\Foundation\\Application->make()
#17 /home/u454891112/domains/desa-pamuruyan.id/vendor/laravel/framework/src/Illuminate/Foundation/Http/Kernel.php(215): Illuminate\\Foundation\\Http\\Kernel->terminateMiddleware()
#18 /home/u454891112/domains/desa-pamuruyan.id/vendor/laravel/framework/src/Illuminate/Foundation/Application.php(1221): Illuminate\\Foundation\\Http\\Kernel->terminate()
#19 /home/u454891112/domains/desa-pamuruyan.id/public_html/index.php(20): Illuminate\\Foundation\\Application->handleRequest()
#20 {main}
"} 
[2025-06-14 13:37:16] production.ERROR: Uncaught ErrorException: Cannot modify header information - headers already sent by (output started at /home/u454891112/domains/desa-pamuruyan.id/vendor/symfony/http-foundation/Response.php:387) in /home/u454891112/domains/desa-pamuruyan.id/vendor/symfony/http-foundation/Response.php:322
Stack trace:
#0 /home/u454891112/domains/desa-pamuruyan.id/vendor/laravel/framework/src/Illuminate/Foundation/Bootstrap/HandleExceptions.php(256): Illuminate\Foundation\Bootstrap\HandleExceptions->handleError()
#1 [internal function]: Illuminate\Foundation\Bootstrap\HandleExceptions->Illuminate\Foundation\Bootstrap\{closure}()
#2 /home/u454891112/domains/desa-pamuruyan.id/vendor/symfony/http-foundation/Response.php(322): header()
#3 /home/u454891112/domains/desa-pamuruyan.id/vendor/symfony/http-foundation/Response.php(401): Symfony\Component\HttpFoundation\Response->sendHeaders()
#4 /home/u454891112/domains/desa-pamuruyan.id/vendor/laravel/framework/src/Illuminate/Foundation/Bootstrap/HandleExceptions.php(219): Symfony\Component\HttpFoundation\Response->send()
#5 /home/u454891112/domains/desa-pamuruyan.id/vendor/laravel/framework/src/Illuminate/Foundation/Bootstrap/HandleExceptions.php(196): Illuminate\Foundation\Bootstrap\HandleExceptions->renderHttpResponse()
#6 /home/u454891112/domains/desa-pamuruyan.id/vendor/laravel/framework/src/Illuminate/Foundation/Bootstrap/HandleExceptions.php(256): Illuminate\Foundation\Bootstrap\HandleExceptions->handleException()
#7 [internal function]: Illuminate\Foundation\Bootstrap\HandleExceptions->Illuminate\Foundation\Bootstrap\{closure}()
#8 {main}
  thrown {"exception":"[object] (Symfony\\Component\\ErrorHandler\\Error\\FatalError(code: 0): Uncaught ErrorException: Cannot modify header information - headers already sent by (output started at /home/u454891112/domains/desa-pamuruyan.id/vendor/symfony/http-foundation/Response.php:387) in /home/u454891112/domains/desa-pamuruyan.id/vendor/symfony/http-foundation/Response.php:322
Stack trace:
#0 /home/u454891112/domains/desa-pamuruyan.id/vendor/laravel/framework/src/Illuminate/Foundation/Bootstrap/HandleExceptions.php(256): Illuminate\\Foundation\\Bootstrap\\HandleExceptions->handleError()
#1 [internal function]: Illuminate\\Foundation\\Bootstrap\\HandleExceptions->Illuminate\\Foundation\\Bootstrap\\{closure}()
#2 /home/u454891112/domains/desa-pamuruyan.id/vendor/symfony/http-foundation/Response.php(322): header()
#3 /home/u454891112/domains/desa-pamuruyan.id/vendor/symfony/http-foundation/Response.php(401): Symfony\\Component\\HttpFoundation\\Response->sendHeaders()
#4 /home/u454891112/domains/desa-pamuruyan.id/vendor/laravel/framework/src/Illuminate/Foundation/Bootstrap/HandleExceptions.php(219): Symfony\\Component\\HttpFoundation\\Response->send()
#5 /home/u454891112/domains/desa-pamuruyan.id/vendor/laravel/framework/src/Illuminate/Foundation/Bootstrap/HandleExceptions.php(196): Illuminate\\Foundation\\Bootstrap\\HandleExceptions->renderHttpResponse()
#6 /home/u454891112/domains/desa-pamuruyan.id/vendor/laravel/framework/src/Illuminate/Foundation/Bootstrap/HandleExceptions.php(256): Illuminate\\Foundation\\Bootstrap\\HandleExceptions->handleException()
#7 [internal function]: Illuminate\\Foundation\\Bootstrap\\HandleExceptions->Illuminate\\Foundation\\Bootstrap\\{closure}()
#8 {main}
  thrown at /home/u454891112/domains/desa-pamuruyan.id/vendor/symfony/http-foundation/Response.php:322)
[stacktrace]
#0 {main}
"} 
[2025-06-14 13:37:18] production.ERROR: No application encryption key has been specified. {"exception":"[object] (Illuminate\\Encryption\\MissingAppKeyException(code: 0): No application encryption key has been specified. at /home/u454891112/domains/desa-pamuruyan.id/vendor/laravel/framework/src/Illuminate/Encryption/EncryptionServiceProvider.php:83)
[stacktrace]
#0 /home/u454891112/domains/desa-pamuruyan.id/vendor/laravel/framework/src/Illuminate/Support/helpers.php(399): Illuminate\\Encryption\\EncryptionServiceProvider->Illuminate\\Encryption\\{closure}()
#1 /home/u454891112/domains/desa-pamuruyan.id/vendor/laravel/framework/src/Illuminate/Encryption/EncryptionServiceProvider.php(81): tap()
#2 /home/u454891112/domains/desa-pamuruyan.id/vendor/laravel/framework/src/Illuminate/Encryption/EncryptionServiceProvider.php(64): Illuminate\\Encryption\\EncryptionServiceProvider->key()
#3 /home/u454891112/domains/desa-pamuruyan.id/vendor/laravel/framework/src/Illuminate/Encryption/EncryptionServiceProvider.php(32): Illuminate\\Encryption\\EncryptionServiceProvider->parseKey()
#4 /home/u454891112/domains/desa-pamuruyan.id/vendor/laravel/framework/src/Illuminate/Container/Container.php(1010): Illuminate\\Encryption\\EncryptionServiceProvider->Illuminate\\Encryption\\{closure}()
#5 /home/u454891112/domains/desa-pamuruyan.id/vendor/laravel/framework/src/Illuminate/Container/Container.php(890): Illuminate\\Container\\Container->build()
#6 /home/u454891112/domains/desa-pamuruyan.id/vendor/laravel/framework/src/Illuminate/Foundation/Application.php(1077): Illuminate\\Container\\Container->resolve()
#7 /home/u454891112/domains/desa-pamuruyan.id/vendor/laravel/framework/src/Illuminate/Container/Container.php(821): Illuminate\\Foundation\\Application->resolve()
#8 /home/u454891112/domains/desa-pamuruyan.id/vendor/laravel/framework/src/Illuminate/Foundation/Application.php(1057): Illuminate\\Container\\Container->make()
#9 /home/u454891112/domains/desa-pamuruyan.id/vendor/laravel/framework/src/Illuminate/Container/Container.php(1202): Illuminate\\Foundation\\Application->make()
#10 /home/u454891112/domains/desa-pamuruyan.id/vendor/laravel/framework/src/Illuminate/Container/Container.php(1101): Illuminate\\Container\\Container->resolveClass()
#11 /home/u454891112/domains/desa-pamuruyan.id/vendor/laravel/framework/src/Illuminate/Container/Container.php(1052): Illuminate\\Container\\Container->resolveDependencies()
#12 /home/u454891112/domains/desa-pamuruyan.id/vendor/laravel/framework/src/Illuminate/Container/Container.php(890): Illuminate\\Container\\Container->build()
#13 /home/u454891112/domains/desa-pamuruyan.id/vendor/laravel/framework/src/Illuminate/Foundation/Application.php(1077): Illuminate\\Container\\Container->resolve()
#14 /home/u454891112/domains/desa-pamuruyan.id/vendor/laravel/framework/src/Illuminate/Container/Container.php(821): Illuminate\\Foundation\\Application->resolve()
#15 /home/u454891112/domains/desa-pamuruyan.id/vendor/laravel/framework/src/Illuminate/Foundation/Application.php(1057): Illuminate\\Container\\Container->make()
#16 /home/u454891112/domains/desa-pamuruyan.id/vendor/laravel/framework/src/Illuminate/Pipeline/Pipeline.php(197): Illuminate\\Foundation\\Application->make()
#17 /home/u454891112/domains/desa-pamuruyan.id/vendor/laravel/framework/src/Illuminate/Pipeline/Pipeline.php(126): Illuminate\\Pipeline\\Pipeline->Illuminate\\Pipeline\\{closure}()
#18 /home/u454891112/domains/desa-pamuruyan.id/vendor/laravel/framework/src/Illuminate/Routing/Router.php(807): Illuminate\\Pipeline\\Pipeline->then()
#19 /home/u454891112/domains/desa-pamuruyan.id/vendor/laravel/framework/src/Illuminate/Routing/Router.php(786): Illuminate\\Routing\\Router->runRouteWithinStack()
#20 /home/u454891112/domains/desa-pamuruyan.id/vendor/laravel/framework/src/Illuminate/Routing/Router.php(750): Illuminate\\Routing\\Router->runRoute()
#21 /home/u454891112/domains/desa-pamuruyan.id/vendor/laravel/framework/src/Illuminate/Routing/Router.php(739): Illuminate\\Routing\\Router->dispatchToRoute()
#22 /home/u454891112/domains/desa-pamuruyan.id/vendor/laravel/framework/src/Illuminate/Foundation/Http/Kernel.php(200): Illuminate\\Routing\\Router->dispatch()
#23 /home/u454891112/domains/desa-pamuruyan.id/vendor/laravel/framework/src/Illuminate/Pipeline/Pipeline.php(169): Illuminate\\Foundation\\Http\\Kernel->Illuminate\\Foundation\\Http\\{closure}()
#24 /home/u454891112/domains/desa-pamuruyan.id/vendor/livewire/livewire/src/Features/SupportDisablingBackButtonCache/DisableBackButtonCacheMiddleware.php(19): Illuminate\\Pipeline\\Pipeline->Illuminate\\Pipeline\\{closure}()
#25 /home/u454891112/domains/desa-pamuruyan.id/vendor/laravel/framework/src/Illuminate/Pipeline/Pipeline.php(208): Livewire\\Features\\SupportDisablingBackButtonCache\\DisableBackButtonCacheMiddleware->handle()
#26 /home/u454891112/domains/desa-pamuruyan.id/vendor/laravel/framework/src/Illuminate/Foundation/Http/Middleware/TransformsRequest.php(21): Illuminate\\Pipeline\\Pipeline->Illuminate\\Pipeline\\{closure}()
#27 /home/u454891112/domains/desa-pamuruyan.id/vendor/laravel/framework/src/Illuminate/Foundation/Http/Middleware/ConvertEmptyStringsToNull.php(31): Illuminate\\Foundation\\Http\\Middleware\\TransformsRequest->handle()
#28 /home/u454891112/domains/desa-pamuruyan.id/vendor/laravel/framework/src/Illuminate/Pipeline/Pipeline.php(208): Illuminate\\Foundation\\Http\\Middleware\\ConvertEmptyStringsToNull->handle()
#29 /home/u454891112/domains/desa-pamuruyan.id/vendor/laravel/framework/src/Illuminate/Foundation/Http/Middleware/TransformsRequest.php(21): Illuminate\\Pipeline\\Pipeline->Illuminate\\Pipeline\\{closure}()
#30 /home/u454891112/domains/desa-pamuruyan.id/vendor/laravel/framework/src/Illuminate/Foundation/Http/Middleware/TrimStrings.php(51): Illuminate\\Foundation\\Http\\Middleware\\TransformsRequest->handle()
#31 /home/u454891112/domains/desa-pamuruyan.id/vendor/laravel/framework/src/Illuminate/Pipeline/Pipeline.php(208): Illuminate\\Foundation\\Http\\Middleware\\TrimStrings->handle()
#32 /home/u454891112/domains/desa-pamuruyan.id/vendor/laravel/framework/src/Illuminate/Http/Middleware/ValidatePostSize.php(27): Illuminate\\Pipeline\\Pipeline->Illuminate\\Pipeline\\{closure}()
#33 /home/u454891112/domains/desa-pamuruyan.id/vendor/laravel/framework/src/Illuminate/Pipeline/Pipeline.php(208): Illuminate\\Http\\Middleware\\ValidatePostSize->handle()
#34 /home/u454891112/domains/desa-pamuruyan.id/vendor/laravel/framework/src/Illuminate/Foundation/Http/Middleware/PreventRequestsDuringMaintenance.php(109): Illuminate\\Pipeline\\Pipeline->Illuminate\\Pipeline\\{closure}()
#35 /home/u454891112/domains/desa-pamuruyan.id/vendor/laravel/framework/src/Illuminate/Pipeline/Pipeline.php(208): Illuminate\\Foundation\\Http\\Middleware\\PreventRequestsDuringMaintenance->handle()
#36 /home/u454891112/domains/desa-pamuruyan.id/vendor/laravel/framework/src/Illuminate/Http/Middleware/HandleCors.php(48): Illuminate\\Pipeline\\Pipeline->Illuminate\\Pipeline\\{closure}()
#37 /home/u454891112/domains/desa-pamuruyan.id/vendor/laravel/framework/src/Illuminate/Pipeline/Pipeline.php(208): Illuminate\\Http\\Middleware\\HandleCors->handle()
#38 /home/u454891112/domains/desa-pamuruyan.id/vendor/laravel/framework/src/Illuminate/Http/Middleware/TrustProxies.php(58): Illuminate\\Pipeline\\Pipeline->Illuminate\\Pipeline\\{closure}()
#39 /home/u454891112/domains/desa-pamuruyan.id/vendor/laravel/framework/src/Illuminate/Pipeline/Pipeline.php(208): Illuminate\\Http\\Middleware\\TrustProxies->handle()
#40 /home/u454891112/domains/desa-pamuruyan.id/vendor/laravel/framework/src/Illuminate/Foundation/Http/Middleware/InvokeDeferredCallbacks.php(22): Illuminate\\Pipeline\\Pipeline->Illuminate\\Pipeline\\{closure}()
#41 /home/u454891112/domains/desa-pamuruyan.id/vendor/laravel/framework/src/Illuminate/Pipeline/Pipeline.php(208): Illuminate\\Foundation\\Http\\Middleware\\InvokeDeferredCallbacks->handle()
#42 /home/u454891112/domains/desa-pamuruyan.id/vendor/laravel/framework/src/Illuminate/Http/Middleware/ValidatePathEncoding.php(26): Illuminate\\Pipeline\\Pipeline->Illuminate\\Pipeline\\{closure}()
#43 /home/u454891112/domains/desa-pamuruyan.id/vendor/laravel/framework/src/Illuminate/Pipeline/Pipeline.php(208): Illuminate\\Http\\Middleware\\ValidatePathEncoding->handle()
#44 /home/u454891112/domains/desa-pamuruyan.id/vendor/laravel/framework/src/Illuminate/Pipeline/Pipeline.php(126): Illuminate\\Pipeline\\Pipeline->Illuminate\\Pipeline\\{closure}()
#45 /home/u454891112/domains/desa-pamuruyan.id/vendor/laravel/framework/src/Illuminate/Foundation/Http/Kernel.php(175): Illuminate\\Pipeline\\Pipeline->then()
#46 /home/u454891112/domains/desa-pamuruyan.id/vendor/laravel/framework/src/Illuminate/Foundation/Http/Kernel.php(144): Illuminate\\Foundation\\Http\\Kernel->sendRequestThroughRouter()
#47 /home/u454891112/domains/desa-pamuruyan.id/vendor/laravel/framework/src/Illuminate/Foundation/Application.php(1219): Illuminate\\Foundation\\Http\\Kernel->handle()
#48 /home/u454891112/domains/desa-pamuruyan.id/public_html/index.php(20): Illuminate\\Foundation\\Application->handleRequest()
#49 {main}
"} 
[2025-06-14 13:37:18] production.ERROR: No application encryption key has been specified. {"exception":"[object] (Illuminate\\Encryption\\MissingAppKeyException(code: 0): No application encryption key has been specified. at /home/u454891112/domains/desa-pamuruyan.id/vendor/laravel/framework/src/Illuminate/Encryption/EncryptionServiceProvider.php:83)
[stacktrace]
#0 /home/u454891112/domains/desa-pamuruyan.id/vendor/laravel/framework/src/Illuminate/Support/helpers.php(399): Illuminate\\Encryption\\EncryptionServiceProvider->Illuminate\\Encryption\\{closure}()
#1 /home/u454891112/domains/desa-pamuruyan.id/vendor/laravel/framework/src/Illuminate/Encryption/EncryptionServiceProvider.php(81): tap()
#2 /home/u454891112/domains/desa-pamuruyan.id/vendor/laravel/framework/src/Illuminate/Encryption/EncryptionServiceProvider.php(64): Illuminate\\Encryption\\EncryptionServiceProvider->key()
#3 /home/u454891112/domains/desa-pamuruyan.id/vendor/laravel/framework/src/Illuminate/Encryption/EncryptionServiceProvider.php(32): Illuminate\\Encryption\\EncryptionServiceProvider->parseKey()
#4 /home/u454891112/domains/desa-pamuruyan.id/vendor/laravel/framework/src/Illuminate/Container/Container.php(1010): Illuminate\\Encryption\\EncryptionServiceProvider->Illuminate\\Encryption\\{closure}()
#5 /home/u454891112/domains/desa-pamuruyan.id/vendor/laravel/framework/src/Illuminate/Container/Container.php(890): Illuminate\\Container\\Container->build()
#6 /home/u454891112/domains/desa-pamuruyan.id/vendor/laravel/framework/src/Illuminate/Foundation/Application.php(1077): Illuminate\\Container\\Container->resolve()
#7 /home/u454891112/domains/desa-pamuruyan.id/vendor/laravel/framework/src/Illuminate/Container/Container.php(821): Illuminate\\Foundation\\Application->resolve()
#8 /home/u454891112/domains/desa-pamuruyan.id/vendor/laravel/framework/src/Illuminate/Foundation/Application.php(1057): Illuminate\\Container\\Container->make()
#9 /home/u454891112/domains/desa-pamuruyan.id/vendor/laravel/framework/src/Illuminate/Container/Container.php(1202): Illuminate\\Foundation\\Application->make()
#10 /home/u454891112/domains/desa-pamuruyan.id/vendor/laravel/framework/src/Illuminate/Container/Container.php(1101): Illuminate\\Container\\Container->resolveClass()
#11 /home/u454891112/domains/desa-pamuruyan.id/vendor/laravel/framework/src/Illuminate/Container/Container.php(1052): Illuminate\\Container\\Container->resolveDependencies()
#12 /home/u454891112/domains/desa-pamuruyan.id/vendor/laravel/framework/src/Illuminate/Container/Container.php(890): Illuminate\\Container\\Container->build()
#13 /home/u454891112/domains/desa-pamuruyan.id/vendor/laravel/framework/src/Illuminate/Foundation/Application.php(1077): Illuminate\\Container\\Container->resolve()
#14 /home/u454891112/domains/desa-pamuruyan.id/vendor/laravel/framework/src/Illuminate/Container/Container.php(821): Illuminate\\Foundation\\Application->resolve()
#15 /home/u454891112/domains/desa-pamuruyan.id/vendor/laravel/framework/src/Illuminate/Foundation/Application.php(1057): Illuminate\\Container\\Container->make()
#16 /home/u454891112/domains/desa-pamuruyan.id/vendor/laravel/framework/src/Illuminate/Foundation/Http/Kernel.php(257): Illuminate\\Foundation\\Application->make()
#17 /home/u454891112/domains/desa-pamuruyan.id/vendor/laravel/framework/src/Illuminate/Foundation/Http/Kernel.php(215): Illuminate\\Foundation\\Http\\Kernel->terminateMiddleware()
#18 /home/u454891112/domains/desa-pamuruyan.id/vendor/laravel/framework/src/Illuminate/Foundation/Application.php(1221): Illuminate\\Foundation\\Http\\Kernel->terminate()
#19 /home/u454891112/domains/desa-pamuruyan.id/public_html/index.php(20): Illuminate\\Foundation\\Application->handleRequest()
#20 {main}
"} 
[2025-06-14 13:37:18] production.ERROR: Uncaught ErrorException: Cannot modify header information - headers already sent by (output started at /home/u454891112/domains/desa-pamuruyan.id/vendor/symfony/http-foundation/Response.php:387) in /home/u454891112/domains/desa-pamuruyan.id/vendor/symfony/http-foundation/Response.php:322
Stack trace:
#0 /home/u454891112/domains/desa-pamuruyan.id/vendor/laravel/framework/src/Illuminate/Foundation/Bootstrap/HandleExceptions.php(256): Illuminate\Foundation\Bootstrap\HandleExceptions->handleError()
#1 [internal function]: Illuminate\Foundation\Bootstrap\HandleExceptions->Illuminate\Foundation\Bootstrap\{closure}()
#2 /home/u454891112/domains/desa-pamuruyan.id/vendor/symfony/http-foundation/Response.php(322): header()
#3 /home/u454891112/domains/desa-pamuruyan.id/vendor/symfony/http-foundation/Response.php(401): Symfony\Component\HttpFoundation\Response->sendHeaders()
#4 /home/u454891112/domains/desa-pamuruyan.id/vendor/laravel/framework/src/Illuminate/Foundation/Bootstrap/HandleExceptions.php(219): Symfony\Component\HttpFoundation\Response->send()
#5 /home/u454891112/domains/desa-pamuruyan.id/vendor/laravel/framework/src/Illuminate/Foundation/Bootstrap/HandleExceptions.php(196): Illuminate\Foundation\Bootstrap\HandleExceptions->renderHttpResponse()
#6 /home/u454891112/domains/desa-pamuruyan.id/vendor/laravel/framework/src/Illuminate/Foundation/Bootstrap/HandleExceptions.php(256): Illuminate\Foundation\Bootstrap\HandleExceptions->handleException()
#7 [internal function]: Illuminate\Foundation\Bootstrap\HandleExceptions->Illuminate\Foundation\Bootstrap\{closure}()
#8 {main}
  thrown {"exception":"[object] (Symfony\\Component\\ErrorHandler\\Error\\FatalError(code: 0): Uncaught ErrorException: Cannot modify header information - headers already sent by (output started at /home/u454891112/domains/desa-pamuruyan.id/vendor/symfony/http-foundation/Response.php:387) in /home/u454891112/domains/desa-pamuruyan.id/vendor/symfony/http-foundation/Response.php:322
Stack trace:
#0 /home/u454891112/domains/desa-pamuruyan.id/vendor/laravel/framework/src/Illuminate/Foundation/Bootstrap/HandleExceptions.php(256): Illuminate\\Foundation\\Bootstrap\\HandleExceptions->handleError()
#1 [internal function]: Illuminate\\Foundation\\Bootstrap\\HandleExceptions->Illuminate\\Foundation\\Bootstrap\\{closure}()
#2 /home/u454891112/domains/desa-pamuruyan.id/vendor/symfony/http-foundation/Response.php(322): header()
#3 /home/u454891112/domains/desa-pamuruyan.id/vendor/symfony/http-foundation/Response.php(401): Symfony\\Component\\HttpFoundation\\Response->sendHeaders()
#4 /home/u454891112/domains/desa-pamuruyan.id/vendor/laravel/framework/src/Illuminate/Foundation/Bootstrap/HandleExceptions.php(219): Symfony\\Component\\HttpFoundation\\Response->send()
#5 /home/u454891112/domains/desa-pamuruyan.id/vendor/laravel/framework/src/Illuminate/Foundation/Bootstrap/HandleExceptions.php(196): Illuminate\\Foundation\\Bootstrap\\HandleExceptions->renderHttpResponse()
#6 /home/u454891112/domains/desa-pamuruyan.id/vendor/laravel/framework/src/Illuminate/Foundation/Bootstrap/HandleExceptions.php(256): Illuminate\\Foundation\\Bootstrap\\HandleExceptions->handleException()
#7 [internal function]: Illuminate\\Foundation\\Bootstrap\\HandleExceptions->Illuminate\\Foundation\\Bootstrap\\{closure}()
#8 {main}
  thrown at /home/u454891112/domains/desa-pamuruyan.id/vendor/symfony/http-foundation/Response.php:322)
[stacktrace]
#0 {main}
"} 
[2025-06-14 13:38:06] production.ERROR: Call to undefined function Illuminate\Filesystem\exec() {"exception":"[object] (Error(code: 0): Call to undefined function Illuminate\\Filesystem\\exec() at /home/u454891112/domains/desa-pamuruyan.id/vendor/laravel/framework/src/Illuminate/Filesystem/Filesystem.php:358)
[stacktrace]
#0 /home/u454891112/domains/desa-pamuruyan.id/vendor/laravel/framework/src/Illuminate/Foundation/Console/StorageLinkCommand.php(49): Illuminate\\Filesystem\\Filesystem->link()
#1 /home/u454891112/domains/desa-pamuruyan.id/vendor/laravel/framework/src/Illuminate/Container/BoundMethod.php(36): Illuminate\\Foundation\\Console\\StorageLinkCommand->handle()
#2 /home/u454891112/domains/desa-pamuruyan.id/vendor/laravel/framework/src/Illuminate/Container/Util.php(43): Illuminate\\Container\\BoundMethod::Illuminate\\Container\\{closure}()
#3 /home/u454891112/domains/desa-pamuruyan.id/vendor/laravel/framework/src/Illuminate/Container/BoundMethod.php(96): Illuminate\\Container\\Util::unwrapIfClosure()
#4 /home/u454891112/domains/desa-pamuruyan.id/vendor/laravel/framework/src/Illuminate/Container/BoundMethod.php(35): Illuminate\\Container\\BoundMethod::callBoundMethod()
#5 /home/u454891112/domains/desa-pamuruyan.id/vendor/laravel/framework/src/Illuminate/Container/Container.php(754): Illuminate\\Container\\BoundMethod::call()
#6 /home/u454891112/domains/desa-pamuruyan.id/vendor/laravel/framework/src/Illuminate/Console/Command.php(211): Illuminate\\Container\\Container->call()
#7 /home/u454891112/domains/desa-pamuruyan.id/vendor/symfony/console/Command/Command.php(318): Illuminate\\Console\\Command->execute()
#8 /home/u454891112/domains/desa-pamuruyan.id/vendor/laravel/framework/src/Illuminate/Console/Command.php(180): Symfony\\Component\\Console\\Command\\Command->run()
#9 /home/u454891112/domains/desa-pamuruyan.id/vendor/symfony/console/Application.php(1092): Illuminate\\Console\\Command->run()
#10 /home/u454891112/domains/desa-pamuruyan.id/vendor/symfony/console/Application.php(341): Symfony\\Component\\Console\\Application->doRunCommand()
#11 /home/u454891112/domains/desa-pamuruyan.id/vendor/symfony/console/Application.php(192): Symfony\\Component\\Console\\Application->doRun()
#12 /home/u454891112/domains/desa-pamuruyan.id/vendor/laravel/framework/src/Illuminate/Foundation/Console/Kernel.php(197): Symfony\\Component\\Console\\Application->run()
#13 /home/u454891112/domains/desa-pamuruyan.id/vendor/laravel/framework/src/Illuminate/Foundation/Application.php(1234): Illuminate\\Foundation\\Console\\Kernel->handle()
#14 /home/u454891112/domains/desa-pamuruyan.id/artisan(16): Illuminate\\Foundation\\Application->handleCommand()
#15 {main}
"} 
[2025-06-14 13:47:57] local.ERROR: SQLSTATE[HY000] [1045] Access denied for user 'root'@'127.0.0.1' (using password: NO) (Connection: mysql, SQL: select * from `sessions` where `id` = zHO6X0yoweefCurTZID5HECfjHvf1EF8YsANw5bo limit 1) {"exception":"[object] (Illuminate\\Database\\QueryException(code: 1045): SQLSTATE[HY000] [1045] Access denied for user 'root'@'127.0.0.1' (using password: NO) (Connection: mysql, SQL: select * from `sessions` where `id` = zHO6X0yoweefCurTZID5HECfjHvf1EF8YsANw5bo limit 1) at /home/u454891112/domains/desa-pamuruyan.id/public_html/vendor/laravel/framework/src/Illuminate/Database/Connection.php:822)
[stacktrace]
#0 /home/u454891112/domains/desa-pamuruyan.id/public_html/vendor/laravel/framework/src/Illuminate/Database/Connection.php(976): Illuminate\\Database\\Connection->runQueryCallback()
#1 /home/u454891112/domains/desa-pamuruyan.id/public_html/vendor/laravel/framework/src/Illuminate/Database/Connection.php(955): Illuminate\\Database\\Connection->tryAgainIfCausedByLostConnection()
#2 /home/u454891112/domains/desa-pamuruyan.id/public_html/vendor/laravel/framework/src/Illuminate/Database/Connection.php(778): Illuminate\\Database\\Connection->handleQueryException()
#3 /home/u454891112/domains/desa-pamuruyan.id/public_html/vendor/laravel/framework/src/Illuminate/Database/Connection.php(395): Illuminate\\Database\\Connection->run()
#4 /home/u454891112/domains/desa-pamuruyan.id/public_html/vendor/laravel/framework/src/Illuminate/Database/Query/Builder.php(3131): Illuminate\\Database\\Connection->select()
#5 /home/u454891112/domains/desa-pamuruyan.id/public_html/vendor/laravel/framework/src/Illuminate/Database/Query/Builder.php(3116): Illuminate\\Database\\Query\\Builder->runSelect()
#6 /home/u454891112/domains/desa-pamuruyan.id/public_html/vendor/laravel/framework/src/Illuminate/Database/Query/Builder.php(3706): Illuminate\\Database\\Query\\Builder->Illuminate\\Database\\Query\\{closure}()
#7 /home/u454891112/domains/desa-pamuruyan.id/public_html/vendor/laravel/framework/src/Illuminate/Database/Query/Builder.php(3115): Illuminate\\Database\\Query\\Builder->onceWithColumns()
#8 /home/u454891112/domains/desa-pamuruyan.id/public_html/vendor/laravel/framework/src/Illuminate/Database/Concerns/BuildsQueries.php(366): Illuminate\\Database\\Query\\Builder->get()
#9 /home/u454891112/domains/desa-pamuruyan.id/public_html/vendor/laravel/framework/src/Illuminate/Database/Query/Builder.php(3038): Illuminate\\Database\\Query\\Builder->first()
#10 /home/u454891112/domains/desa-pamuruyan.id/public_html/vendor/laravel/framework/src/Illuminate/Session/DatabaseSessionHandler.php(96): Illuminate\\Database\\Query\\Builder->find()
#11 /home/u454891112/domains/desa-pamuruyan.id/public_html/vendor/laravel/framework/src/Illuminate/Session/Store.php(116): Illuminate\\Session\\DatabaseSessionHandler->read()
#12 /home/u454891112/domains/desa-pamuruyan.id/public_html/vendor/laravel/framework/src/Illuminate/Session/Store.php(104): Illuminate\\Session\\Store->readFromHandler()
#13 /home/u454891112/domains/desa-pamuruyan.id/public_html/vendor/laravel/framework/src/Illuminate/Session/Store.php(88): Illuminate\\Session\\Store->loadSession()
#14 /home/u454891112/domains/desa-pamuruyan.id/public_html/vendor/laravel/framework/src/Illuminate/Session/Middleware/StartSession.php(146): Illuminate\\Session\\Store->start()
#15 /home/u454891112/domains/desa-pamuruyan.id/public_html/vendor/laravel/framework/src/Illuminate/Support/helpers.php(399): Illuminate\\Session\\Middleware\\StartSession->Illuminate\\Session\\Middleware\\{closure}()
#16 /home/u454891112/domains/desa-pamuruyan.id/public_html/vendor/laravel/framework/src/Illuminate/Session/Middleware/StartSession.php(143): tap()
#17 /home/u454891112/domains/desa-pamuruyan.id/public_html/vendor/laravel/framework/src/Illuminate/Session/Middleware/StartSession.php(115): Illuminate\\Session\\Middleware\\StartSession->startSession()
#18 /home/u454891112/domains/desa-pamuruyan.id/public_html/vendor/laravel/framework/src/Illuminate/Session/Middleware/StartSession.php(63): Illuminate\\Session\\Middleware\\StartSession->handleStatefulRequest()
#19 /home/u454891112/domains/desa-pamuruyan.id/public_html/vendor/laravel/framework/src/Illuminate/Pipeline/Pipeline.php(208): Illuminate\\Session\\Middleware\\StartSession->handle()
#20 /home/u454891112/domains/desa-pamuruyan.id/public_html/vendor/laravel/framework/src/Illuminate/Cookie/Middleware/AddQueuedCookiesToResponse.php(36): Illuminate\\Pipeline\\Pipeline->Illuminate\\Pipeline\\{closure}()
#21 /home/u454891112/domains/desa-pamuruyan.id/public_html/vendor/laravel/framework/src/Illuminate/Pipeline/Pipeline.php(208): Illuminate\\Cookie\\Middleware\\AddQueuedCookiesToResponse->handle()
#22 /home/u454891112/domains/desa-pamuruyan.id/public_html/vendor/laravel/framework/src/Illuminate/Cookie/Middleware/EncryptCookies.php(74): Illuminate\\Pipeline\\Pipeline->Illuminate\\Pipeline\\{closure}()
#23 /home/u454891112/domains/desa-pamuruyan.id/public_html/vendor/laravel/framework/src/Illuminate/Pipeline/Pipeline.php(208): Illuminate\\Cookie\\Middleware\\EncryptCookies->handle()
#24 /home/u454891112/domains/desa-pamuruyan.id/public_html/vendor/laravel/framework/src/Illuminate/Pipeline/Pipeline.php(126): Illuminate\\Pipeline\\Pipeline->Illuminate\\Pipeline\\{closure}()
#25 /home/u454891112/domains/desa-pamuruyan.id/public_html/vendor/laravel/framework/src/Illuminate/Routing/Router.php(807): Illuminate\\Pipeline\\Pipeline->then()
#26 /home/u454891112/domains/desa-pamuruyan.id/public_html/vendor/laravel/framework/src/Illuminate/Routing/Router.php(786): Illuminate\\Routing\\Router->runRouteWithinStack()
#27 /home/u454891112/domains/desa-pamuruyan.id/public_html/vendor/laravel/framework/src/Illuminate/Routing/Router.php(750): Illuminate\\Routing\\Router->runRoute()
#28 /home/u454891112/domains/desa-pamuruyan.id/public_html/vendor/laravel/framework/src/Illuminate/Routing/Router.php(739): Illuminate\\Routing\\Router->dispatchToRoute()
#29 /home/u454891112/domains/desa-pamuruyan.id/public_html/vendor/laravel/framework/src/Illuminate/Foundation/Http/Kernel.php(200): Illuminate\\Routing\\Router->dispatch()
#30 /home/u454891112/domains/desa-pamuruyan.id/public_html/vendor/laravel/framework/src/Illuminate/Pipeline/Pipeline.php(169): Illuminate\\Foundation\\Http\\Kernel->Illuminate\\Foundation\\Http\\{closure}()
#31 /home/u454891112/domains/desa-pamuruyan.id/public_html/vendor/livewire/livewire/src/Features/SupportDisablingBackButtonCache/DisableBackButtonCacheMiddleware.php(19): Illuminate\\Pipeline\\Pipeline->Illuminate\\Pipeline\\{closure}()
#32 /home/u454891112/domains/desa-pamuruyan.id/public_html/vendor/laravel/framework/src/Illuminate/Pipeline/Pipeline.php(208): Livewire\\Features\\SupportDisablingBackButtonCache\\DisableBackButtonCacheMiddleware->handle()
#33 /home/u454891112/domains/desa-pamuruyan.id/public_html/vendor/laravel/framework/src/Illuminate/Foundation/Http/Middleware/TransformsRequest.php(21): Illuminate\\Pipeline\\Pipeline->Illuminate\\Pipeline\\{closure}()
#34 /home/u454891112/domains/desa-pamuruyan.id/public_html/vendor/laravel/framework/src/Illuminate/Foundation/Http/Middleware/ConvertEmptyStringsToNull.php(31): Illuminate\\Foundation\\Http\\Middleware\\TransformsRequest->handle()
#35 /home/u454891112/domains/desa-pamuruyan.id/public_html/vendor/laravel/framework/src/Illuminate/Pipeline/Pipeline.php(208): Illuminate\\Foundation\\Http\\Middleware\\ConvertEmptyStringsToNull->handle()
#36 /home/u454891112/domains/desa-pamuruyan.id/public_html/vendor/laravel/framework/src/Illuminate/Foundation/Http/Middleware/TransformsRequest.php(21): Illuminate\\Pipeline\\Pipeline->Illuminate\\Pipeline\\{closure}()
#37 /home/u454891112/domains/desa-pamuruyan.id/public_html/vendor/laravel/framework/src/Illuminate/Foundation/Http/Middleware/TrimStrings.php(51): Illuminate\\Foundation\\Http\\Middleware\\TransformsRequest->handle()
#38 /home/u454891112/domains/desa-pamuruyan.id/public_html/vendor/laravel/framework/src/Illuminate/Pipeline/Pipeline.php(208): Illuminate\\Foundation\\Http\\Middleware\\TrimStrings->handle()
#39 /home/u454891112/domains/desa-pamuruyan.id/public_html/vendor/laravel/framework/src/Illuminate/Http/Middleware/ValidatePostSize.php(27): Illuminate\\Pipeline\\Pipeline->Illuminate\\Pipeline\\{closure}()
#40 /home/u454891112/domains/desa-pamuruyan.id/public_html/vendor/laravel/framework/src/Illuminate/Pipeline/Pipeline.php(208): Illuminate\\Http\\Middleware\\ValidatePostSize->handle()
#41 /home/u454891112/domains/desa-pamuruyan.id/public_html/vendor/laravel/framework/src/Illuminate/Foundation/Http/Middleware/PreventRequestsDuringMaintenance.php(109): Illuminate\\Pipeline\\Pipeline->Illuminate\\Pipeline\\{closure}()
#42 /home/u454891112/domains/desa-pamuruyan.id/public_html/vendor/laravel/framework/src/Illuminate/Pipeline/Pipeline.php(208): Illuminate\\Foundation\\Http\\Middleware\\PreventRequestsDuringMaintenance->handle()
#43 /home/u454891112/domains/desa-pamuruyan.id/public_html/vendor/laravel/framework/src/Illuminate/Http/Middleware/HandleCors.php(48): Illuminate\\Pipeline\\Pipeline->Illuminate\\Pipeline\\{closure}()
#44 /home/u454891112/domains/desa-pamuruyan.id/public_html/vendor/laravel/framework/src/Illuminate/Pipeline/Pipeline.php(208): Illuminate\\Http\\Middleware\\HandleCors->handle()
#45 /home/u454891112/domains/desa-pamuruyan.id/public_html/vendor/laravel/framework/src/Illuminate/Http/Middleware/TrustProxies.php(58): Illuminate\\Pipeline\\Pipeline->Illuminate\\Pipeline\\{closure}()
#46 /home/u454891112/domains/desa-pamuruyan.id/public_html/vendor/laravel/framework/src/Illuminate/Pipeline/Pipeline.php(208): Illuminate\\Http\\Middleware\\TrustProxies->handle()
#47 /home/u454891112/domains/desa-pamuruyan.id/public_html/vendor/laravel/framework/src/Illuminate/Foundation/Http/Middleware/InvokeDeferredCallbacks.php(22): Illuminate\\Pipeline\\Pipeline->Illuminate\\Pipeline\\{closure}()
#48 /home/u454891112/domains/desa-pamuruyan.id/public_html/vendor/laravel/framework/src/Illuminate/Pipeline/Pipeline.php(208): Illuminate\\Foundation\\Http\\Middleware\\InvokeDeferredCallbacks->handle()
#49 /home/u454891112/domains/desa-pamuruyan.id/public_html/vendor/laravel/framework/src/Illuminate/Http/Middleware/ValidatePathEncoding.php(26): Illuminate\\Pipeline\\Pipeline->Illuminate\\Pipeline\\{closure}()
#50 /home/u454891112/domains/desa-pamuruyan.id/public_html/vendor/laravel/framework/src/Illuminate/Pipeline/Pipeline.php(208): Illuminate\\Http\\Middleware\\ValidatePathEncoding->handle()
#51 /home/u454891112/domains/desa-pamuruyan.id/public_html/vendor/laravel/framework/src/Illuminate/Pipeline/Pipeline.php(126): Illuminate\\Pipeline\\Pipeline->Illuminate\\Pipeline\\{closure}()
#52 /home/u454891112/domains/desa-pamuruyan.id/public_html/vendor/laravel/framework/src/Illuminate/Foundation/Http/Kernel.php(175): Illuminate\\Pipeline\\Pipeline->then()
#53 /home/u454891112/domains/desa-pamuruyan.id/public_html/vendor/laravel/framework/src/Illuminate/Foundation/Http/Kernel.php(144): Illuminate\\Foundation\\Http\\Kernel->sendRequestThroughRouter()
#54 /home/u454891112/domains/desa-pamuruyan.id/public_html/vendor/laravel/framework/src/Illuminate/Foundation/Application.php(1219): Illuminate\\Foundation\\Http\\Kernel->handle()
#55 /home/u454891112/domains/desa-pamuruyan.id/public_html/public/index.php(20): Illuminate\\Foundation\\Application->handleRequest()
#56 {main}

[previous exception] [object] (PDOException(code: 1045): SQLSTATE[HY000] [1045] Access denied for user 'root'@'127.0.0.1' (using password: NO) at /home/u454891112/domains/desa-pamuruyan.id/public_html/vendor/laravel/framework/src/Illuminate/Database/Connectors/Connector.php:66)
[stacktrace]
#0 /home/u454891112/domains/desa-pamuruyan.id/public_html/vendor/laravel/framework/src/Illuminate/Database/Connectors/Connector.php(66): PDO->__construct()
#1 /home/u454891112/domains/desa-pamuruyan.id/public_html/vendor/laravel/framework/src/Illuminate/Database/Connectors/Connector.php(85): Illuminate\\Database\\Connectors\\Connector->createPdoConnection()
#2 /home/u454891112/domains/desa-pamuruyan.id/public_html/vendor/laravel/framework/src/Illuminate/Database/Connectors/Connector.php(48): Illuminate\\Database\\Connectors\\Connector->tryAgainIfCausedByLostConnection()
#3 /home/u454891112/domains/desa-pamuruyan.id/public_html/vendor/laravel/framework/src/Illuminate/Database/Connectors/MySqlConnector.php(24): Illuminate\\Database\\Connectors\\Connector->createConnection()
#4 /home/u454891112/domains/desa-pamuruyan.id/public_html/vendor/laravel/framework/src/Illuminate/Database/Connectors/ConnectionFactory.php(184): Illuminate\\Database\\Connectors\\MySqlConnector->connect()
#5 [internal function]: Illuminate\\Database\\Connectors\\ConnectionFactory->Illuminate\\Database\\Connectors\\{closure}()
#6 /home/u454891112/domains/desa-pamuruyan.id/public_html/vendor/laravel/framework/src/Illuminate/Database/Connection.php(1228): call_user_func()
#7 /home/u454891112/domains/desa-pamuruyan.id/public_html/vendor/laravel/framework/src/Illuminate/Database/Connection.php(509): Illuminate\\Database\\Connection->getPdo()
#8 /home/u454891112/domains/desa-pamuruyan.id/public_html/vendor/laravel/framework/src/Illuminate/Database/Connection.php(404): Illuminate\\Database\\Connection->getPdoForSelect()
#9 /home/u454891112/domains/desa-pamuruyan.id/public_html/vendor/laravel/framework/src/Illuminate/Database/Connection.php(809): Illuminate\\Database\\Connection->Illuminate\\Database\\{closure}()
#10 /home/u454891112/domains/desa-pamuruyan.id/public_html/vendor/laravel/framework/src/Illuminate/Database/Connection.php(976): Illuminate\\Database\\Connection->runQueryCallback()
#11 /home/u454891112/domains/desa-pamuruyan.id/public_html/vendor/laravel/framework/src/Illuminate/Database/Connection.php(955): Illuminate\\Database\\Connection->tryAgainIfCausedByLostConnection()
#12 /home/u454891112/domains/desa-pamuruyan.id/public_html/vendor/laravel/framework/src/Illuminate/Database/Connection.php(778): Illuminate\\Database\\Connection->handleQueryException()
#13 /home/u454891112/domains/desa-pamuruyan.id/public_html/vendor/laravel/framework/src/Illuminate/Database/Connection.php(395): Illuminate\\Database\\Connection->run()
#14 /home/u454891112/domains/desa-pamuruyan.id/public_html/vendor/laravel/framework/src/Illuminate/Database/Query/Builder.php(3131): Illuminate\\Database\\Connection->select()
#15 /home/u454891112/domains/desa-pamuruyan.id/public_html/vendor/laravel/framework/src/Illuminate/Database/Query/Builder.php(3116): Illuminate\\Database\\Query\\Builder->runSelect()
#16 /home/u454891112/domains/desa-pamuruyan.id/public_html/vendor/laravel/framework/src/Illuminate/Database/Query/Builder.php(3706): Illuminate\\Database\\Query\\Builder->Illuminate\\Database\\Query\\{closure}()
#17 /home/u454891112/domains/desa-pamuruyan.id/public_html/vendor/laravel/framework/src/Illuminate/Database/Query/Builder.php(3115): Illuminate\\Database\\Query\\Builder->onceWithColumns()
#18 /home/u454891112/domains/desa-pamuruyan.id/public_html/vendor/laravel/framework/src/Illuminate/Database/Concerns/BuildsQueries.php(366): Illuminate\\Database\\Query\\Builder->get()
#19 /home/u454891112/domains/desa-pamuruyan.id/public_html/vendor/laravel/framework/src/Illuminate/Database/Query/Builder.php(3038): Illuminate\\Database\\Query\\Builder->first()
#20 /home/u454891112/domains/desa-pamuruyan.id/public_html/vendor/laravel/framework/src/Illuminate/Session/DatabaseSessionHandler.php(96): Illuminate\\Database\\Query\\Builder->find()
#21 /home/u454891112/domains/desa-pamuruyan.id/public_html/vendor/laravel/framework/src/Illuminate/Session/Store.php(116): Illuminate\\Session\\DatabaseSessionHandler->read()
#22 /home/u454891112/domains/desa-pamuruyan.id/public_html/vendor/laravel/framework/src/Illuminate/Session/Store.php(104): Illuminate\\Session\\Store->readFromHandler()
#23 /home/u454891112/domains/desa-pamuruyan.id/public_html/vendor/laravel/framework/src/Illuminate/Session/Store.php(88): Illuminate\\Session\\Store->loadSession()
#24 /home/u454891112/domains/desa-pamuruyan.id/public_html/vendor/laravel/framework/src/Illuminate/Session/Middleware/StartSession.php(146): Illuminate\\Session\\Store->start()
#25 /home/u454891112/domains/desa-pamuruyan.id/public_html/vendor/laravel/framework/src/Illuminate/Support/helpers.php(399): Illuminate\\Session\\Middleware\\StartSession->Illuminate\\Session\\Middleware\\{closure}()
#26 /home/u454891112/domains/desa-pamuruyan.id/public_html/vendor/laravel/framework/src/Illuminate/Session/Middleware/StartSession.php(143): tap()
#27 /home/u454891112/domains/desa-pamuruyan.id/public_html/vendor/laravel/framework/src/Illuminate/Session/Middleware/StartSession.php(115): Illuminate\\Session\\Middleware\\StartSession->startSession()
#28 /home/u454891112/domains/desa-pamuruyan.id/public_html/vendor/laravel/framework/src/Illuminate/Session/Middleware/StartSession.php(63): Illuminate\\Session\\Middleware\\StartSession->handleStatefulRequest()
#29 /home/u454891112/domains/desa-pamuruyan.id/public_html/vendor/laravel/framework/src/Illuminate/Pipeline/Pipeline.php(208): Illuminate\\Session\\Middleware\\StartSession->handle()
#30 /home/u454891112/domains/desa-pamuruyan.id/public_html/vendor/laravel/framework/src/Illuminate/Cookie/Middleware/AddQueuedCookiesToResponse.php(36): Illuminate\\Pipeline\\Pipeline->Illuminate\\Pipeline\\{closure}()
#31 /home/u454891112/domains/desa-pamuruyan.id/public_html/vendor/laravel/framework/src/Illuminate/Pipeline/Pipeline.php(208): Illuminate\\Cookie\\Middleware\\AddQueuedCookiesToResponse->handle()
#32 /home/u454891112/domains/desa-pamuruyan.id/public_html/vendor/laravel/framework/src/Illuminate/Cookie/Middleware/EncryptCookies.php(74): Illuminate\\Pipeline\\Pipeline->Illuminate\\Pipeline\\{closure}()
#33 /home/u454891112/domains/desa-pamuruyan.id/public_html/vendor/laravel/framework/src/Illuminate/Pipeline/Pipeline.php(208): Illuminate\\Cookie\\Middleware\\EncryptCookies->handle()
#34 /home/u454891112/domains/desa-pamuruyan.id/public_html/vendor/laravel/framework/src/Illuminate/Pipeline/Pipeline.php(126): Illuminate\\Pipeline\\Pipeline->Illuminate\\Pipeline\\{closure}()
#35 /home/u454891112/domains/desa-pamuruyan.id/public_html/vendor/laravel/framework/src/Illuminate/Routing/Router.php(807): Illuminate\\Pipeline\\Pipeline->then()
#36 /home/u454891112/domains/desa-pamuruyan.id/public_html/vendor/laravel/framework/src/Illuminate/Routing/Router.php(786): Illuminate\\Routing\\Router->runRouteWithinStack()
#37 /home/u454891112/domains/desa-pamuruyan.id/public_html/vendor/laravel/framework/src/Illuminate/Routing/Router.php(750): Illuminate\\Routing\\Router->runRoute()
#38 /home/u454891112/domains/desa-pamuruyan.id/public_html/vendor/laravel/framework/src/Illuminate/Routing/Router.php(739): Illuminate\\Routing\\Router->dispatchToRoute()
#39 /home/u454891112/domains/desa-pamuruyan.id/public_html/vendor/laravel/framework/src/Illuminate/Foundation/Http/Kernel.php(200): Illuminate\\Routing\\Router->dispatch()
#40 /home/u454891112/domains/desa-pamuruyan.id/public_html/vendor/laravel/framework/src/Illuminate/Pipeline/Pipeline.php(169): Illuminate\\Foundation\\Http\\Kernel->Illuminate\\Foundation\\Http\\{closure}()
#41 /home/u454891112/domains/desa-pamuruyan.id/public_html/vendor/livewire/livewire/src/Features/SupportDisablingBackButtonCache/DisableBackButtonCacheMiddleware.php(19): Illuminate\\Pipeline\\Pipeline->Illuminate\\Pipeline\\{closure}()
#42 /home/u454891112/domains/desa-pamuruyan.id/public_html/vendor/laravel/framework/src/Illuminate/Pipeline/Pipeline.php(208): Livewire\\Features\\SupportDisablingBackButtonCache\\DisableBackButtonCacheMiddleware->handle()
#43 /home/u454891112/domains/desa-pamuruyan.id/public_html/vendor/laravel/framework/src/Illuminate/Foundation/Http/Middleware/TransformsRequest.php(21): Illuminate\\Pipeline\\Pipeline->Illuminate\\Pipeline\\{closure}()
#44 /home/u454891112/domains/desa-pamuruyan.id/public_html/vendor/laravel/framework/src/Illuminate/Foundation/Http/Middleware/ConvertEmptyStringsToNull.php(31): Illuminate\\Foundation\\Http\\Middleware\\TransformsRequest->handle()
#45 /home/u454891112/domains/desa-pamuruyan.id/public_html/vendor/laravel/framework/src/Illuminate/Pipeline/Pipeline.php(208): Illuminate\\Foundation\\Http\\Middleware\\ConvertEmptyStringsToNull->handle()
#46 /home/u454891112/domains/desa-pamuruyan.id/public_html/vendor/laravel/framework/src/Illuminate/Foundation/Http/Middleware/TransformsRequest.php(21): Illuminate\\Pipeline\\Pipeline->Illuminate\\Pipeline\\{closure}()
#47 /home/u454891112/domains/desa-pamuruyan.id/public_html/vendor/laravel/framework/src/Illuminate/Foundation/Http/Middleware/TrimStrings.php(51): Illuminate\\Foundation\\Http\\Middleware\\TransformsRequest->handle()
#48 /home/u454891112/domains/desa-pamuruyan.id/public_html/vendor/laravel/framework/src/Illuminate/Pipeline/Pipeline.php(208): Illuminate\\Foundation\\Http\\Middleware\\TrimStrings->handle()
#49 /home/u454891112/domains/desa-pamuruyan.id/public_html/vendor/laravel/framework/src/Illuminate/Http/Middleware/ValidatePostSize.php(27): Illuminate\\Pipeline\\Pipeline->Illuminate\\Pipeline\\{closure}()
#50 /home/u454891112/domains/desa-pamuruyan.id/public_html/vendor/laravel/framework/src/Illuminate/Pipeline/Pipeline.php(208): Illuminate\\Http\\Middleware\\ValidatePostSize->handle()
#51 /home/u454891112/domains/desa-pamuruyan.id/public_html/vendor/laravel/framework/src/Illuminate/Foundation/Http/Middleware/PreventRequestsDuringMaintenance.php(109): Illuminate\\Pipeline\\Pipeline->Illuminate\\Pipeline\\{closure}()
#52 /home/u454891112/domains/desa-pamuruyan.id/public_html/vendor/laravel/framework/src/Illuminate/Pipeline/Pipeline.php(208): Illuminate\\Foundation\\Http\\Middleware\\PreventRequestsDuringMaintenance->handle()
#53 /home/u454891112/domains/desa-pamuruyan.id/public_html/vendor/laravel/framework/src/Illuminate/Http/Middleware/HandleCors.php(48): Illuminate\\Pipeline\\Pipeline->Illuminate\\Pipeline\\{closure}()
#54 /home/u454891112/domains/desa-pamuruyan.id/public_html/vendor/laravel/framework/src/Illuminate/Pipeline/Pipeline.php(208): Illuminate\\Http\\Middleware\\HandleCors->handle()
#55 /home/u454891112/domains/desa-pamuruyan.id/public_html/vendor/laravel/framework/src/Illuminate/Http/Middleware/TrustProxies.php(58): Illuminate\\Pipeline\\Pipeline->Illuminate\\Pipeline\\{closure}()
#56 /home/u454891112/domains/desa-pamuruyan.id/public_html/vendor/laravel/framework/src/Illuminate/Pipeline/Pipeline.php(208): Illuminate\\Http\\Middleware\\TrustProxies->handle()
#57 /home/u454891112/domains/desa-pamuruyan.id/public_html/vendor/laravel/framework/src/Illuminate/Foundation/Http/Middleware/InvokeDeferredCallbacks.php(22): Illuminate\\Pipeline\\Pipeline->Illuminate\\Pipeline\\{closure}()
#58 /home/u454891112/domains/desa-pamuruyan.id/public_html/vendor/laravel/framework/src/Illuminate/Pipeline/Pipeline.php(208): Illuminate\\Foundation\\Http\\Middleware\\InvokeDeferredCallbacks->handle()
#59 /home/u454891112/domains/desa-pamuruyan.id/public_html/vendor/laravel/framework/src/Illuminate/Http/Middleware/ValidatePathEncoding.php(26): Illuminate\\Pipeline\\Pipeline->Illuminate\\Pipeline\\{closure}()
#60 /home/u454891112/domains/desa-pamuruyan.id/public_html/vendor/laravel/framework/src/Illuminate/Pipeline/Pipeline.php(208): Illuminate\\Http\\Middleware\\ValidatePathEncoding->handle()
#61 /home/u454891112/domains/desa-pamuruyan.id/public_html/vendor/laravel/framework/src/Illuminate/Pipeline/Pipeline.php(126): Illuminate\\Pipeline\\Pipeline->Illuminate\\Pipeline\\{closure}()
#62 /home/u454891112/domains/desa-pamuruyan.id/public_html/vendor/laravel/framework/src/Illuminate/Foundation/Http/Kernel.php(175): Illuminate\\Pipeline\\Pipeline->then()
#63 /home/u454891112/domains/desa-pamuruyan.id/public_html/vendor/laravel/framework/src/Illuminate/Foundation/Http/Kernel.php(144): Illuminate\\Foundation\\Http\\Kernel->sendRequestThroughRouter()
#64 /home/u454891112/domains/desa-pamuruyan.id/public_html/vendor/laravel/framework/src/Illuminate/Foundation/Application.php(1219): Illuminate\\Foundation\\Http\\Kernel->handle()
#65 /home/u454891112/domains/desa-pamuruyan.id/public_html/public/index.php(20): Illuminate\\Foundation\\Application->handleRequest()
#66 {main}
"} 
